Change Component Footprint: Designator=D1 Old Footprint=Diode SMA DO-214AC -N New Footprint=SOD123
Change Component Comment : Designator=L2 Old Comment=4.5uH New Comment=4.7uH
Change Component Comment : Designator=R6 Old Comment=54k New Comment=51k
Added Component: Designator=D3(*0603)
Add component. Clean all parameters for all variants
Add component (AddParameter): Name = "Digi-Key_Part_Number"; Value = "160-1446-1-ND"; VariantName = "[No Variations]"
Add component (AddParameter): Name = "Digi-Key_Purchase_URL"; Value = "https://www.digikey.ch/product-detail/de/lite-on-inc/LTST-C191KGKT/160-1446-1-ND/386834"; VariantName = "[No Variations]"
Add component (AddParameter): Name = "MF"; Value = "Lite-On Inc."; VariantName = "[No Variations]"
Add component (AddParameter): Name = "MP"; Value = "LTST-C191KGKT"; VariantName = "[No Variations]"
Add component (AddParameter): Name = "Package"; Value = "0603 Lite-On"; VariantName = "[No Variations]"
Add component (AddParameter): Name = "SnapEDA_Link"; Value = "https://www.snapeda.com/parts/LTST-C191KFKT/Lite-On%20Inc./view-part/?ref=snap"; VariantName = "[No Variations]"
Add component (AddParameter): Name = "Value"; Value = ""; VariantName = "[No Variations]"
Added Component: Designator=R7(RES_0603i_1608m -N)
Add component. Clean all parameters for all variants
Add component (AddParameter): Name = "ComponentLink1Description"; Value = ""; VariantName = "[No Variations]"
Add component (AddParameter): Name = "ComponentLink1URL"; Value = ""; VariantName = "[No Variations]"
Add component (AddParameter): Name = "Manufacturer"; Value = ""; VariantName = "[No Variations]"
Add component (AddParameter): Name = "Manufacturer Part Number"; Value = ""; VariantName = "[No Variations]"
Add component (AddParameter): Name = "Note"; Value = ""; VariantName = "[No Variations]"
Add component (AddParameter): Name = "Supplier"; Value = ""; VariantName = "[No Variations]"
Add component (AddParameter): Name = "Supplier Part Number"; Value = ""; VariantName = "[No Variations]"
Add component (AddParameter): Name = "Tolerance"; Value = ""; VariantName = "[No Variations]"
Add component (AddParameter): Name = "Value"; Value = ""; VariantName = "[No Variations]"
Added Pin To Net: NetName=GND Pin=D3-1
Added Pin To Net: NetName=+5 Pin=R7-2
Added Pin To Net: NetName=NetD3_2 Pin=D3-2
Added Pin To Net: NetName=NetD3_2 Pin=R7-1
Added Net: Name=NetD3_2
Added Member To Class: ClassName=USBPowerv1.0 Member=Component D3 Grün
Added Member To Class: ClassName=USBPowerv1.0 Member=Component R7 1k
