Change Component Designator: OldDesignator=C1 NewDesignator=C3
Change Component Designator: OldDesignator=C2 NewDesignator=C1
Change Component Designator: OldDesignator=C3 NewDesignator=C2
Change Component Designator: OldDesignator=D1 NewDesignator=D2
Change Component Designator: OldDesignator=D2 NewDesignator=D1
Change Component Designator: OldDesignator=P7 NewDesignator=P8
Change Component Designator: OldDesignator=P8 NewDesignator=P9
Change Component Designator: OldDesignator=P9 NewDesignator=P10
Change Component Designator: OldDesignator=P10 NewDesignator=P7
Change Component Designator: OldDesignator=R11 NewDesignator=R22
Change Component Designator: OldDesignator=R12 NewDesignator=R21
Change Component Designator: OldDesignator=R13 NewDesignator=R24
Change Component Designator: OldDesignator=R14 NewDesignator=R11
Change Component Designator: OldDesignator=R15 NewDesignator=R12
Change Component Designator: OldDesignator=R16 NewDesignator=R13
Change Component Designator: OldDesignator=R17 NewDesignator=R14
Change Component Designator: OldDesignator=R18 NewDesignator=R15
Change Component Designator: OldDesignator=R19 NewDesignator=R16
Change Component Designator: OldDesignator=R20 NewDesignator=R17
Change Component Designator: OldDesignator=R21 NewDesignator=R18
Change Component Designator: OldDesignator=R22 NewDesignator=R19
Change Component Designator: OldDesignator=R23 NewDesignator=R20
Change Component Designator: OldDesignator=R24 NewDesignator=R23
Change Net Name : Old Net Name=NetC2_1 New Net Name=NetC1_1
Change Net Name : Old Net Name=NetD1_2 New Net Name=NetD2_2
Change Net Name : Old Net Name=NetD2_2 New Net Name=NetD1_2
Change Net Name : Old Net Name=NetP7_3 New Net Name=NetP8_3
Change Net Name : Old Net Name=NetP8_3 New Net Name=NetP9_3
Change Net Name : Old Net Name=NetP9_3 New Net Name=NetP10_3
Change Net Name : Old Net Name=NetP10_3 New Net Name=NetP7_3
Change Net Name : Old Net Name=NetR13_1 New Net Name=NetR23_1
Change Net Name : Old Net Name=NetR13_2 New Net Name=NetR24_2
Change Net Name : Old Net Name=NetR14_2 New Net Name=NetR11_2
Change Net Name : Old Net Name=NetR15_2 New Net Name=NetR12_2
Change Net Name : Old Net Name=NetR16_2 New Net Name=NetR13_2
Change Net Name : Old Net Name=NetR17_2 New Net Name=NetR14_2
Change Net Name : Old Net Name=NetR18_2 New Net Name=NetR15_2
Change Net Name : Old Net Name=NetR19_2 New Net Name=NetR16_2
Change Net Name : Old Net Name=NetR20_2 New Net Name=NetR17_2
Change Net Name : Old Net Name=NetR21_2 New Net Name=NetR18_2
Change Net Name : Old Net Name=NetR22_2 New Net Name=NetR19_2
Change Net Name : Old Net Name=NetR23_2 New Net Name=NetR20_2
Added Member To Class: ClassName=schematic Member=Component P10 header 4x1
