Added Member To Class: ClassName=schematic Member=Component C1 100n
Added Member To Class: ClassName=schematic Member=Component J2 USB A 2.0
Added Member To Class: ClassName=schematic Member=Component J3 USB A 2.0
Added Member To Class: ClassName=schematic Member=Component J5 USB A 2.0
Added Member To Class: ClassName=schematic Member=Component J7 USB A 2.0
Added Member To Class: ClassName=schematic Member=Component J10 USB A 2.0
Added Member To Class: ClassName=schematic Member=Component P2 header 4x1
Added Member To Class: ClassName=schematic Member=Component P4 header 4x1
Added Member To Class: ClassName=schematic Member=Component P5 header 4x1
Added Member To Class: ClassName=schematic Member=Component P8 header 4x1
Added Member To Class: ClassName=schematic Member=Component P10 header 4x1
Added Member To Class: ClassName=schematic Member=Component P11 header 7x1
Added Member To Class: ClassName=schematic Member=Component R1 50m
Added Member To Class: ClassName=schematic Member=Component R3 50m
Added Member To Class: ClassName=schematic Member=Component R6 50m
Added Member To Class: ClassName=schematic Member=Component R7 50m
Added Member To Class: ClassName=schematic Member=Component R9 50m
Added Member To Class: ClassName=schematic Member=Component U2 ZXCT1107SA-7
Added Member To Class: ClassName=schematic Member=Component U5 ZXCT1107SA-7
Added Member To Class: ClassName=schematic Member=Component U7 ZXCT1107SA-7
Added Member To Class: ClassName=schematic Member=Component U8 ZXCT1107SA-7
Added Member To Class: ClassName=schematic Member=Component U10 ZXCT1107SA-7
