Removed Pin From Net: NetName=NetC20_2 Pin=U3-6
Removed Pin From Net: NetName=NetC18_2 Pin=U3-7
Removed Pin From Net: NetName=NetC14_2 Pin=U3-8
Removed Pin From Net: NetName=NetC8_1 Pin=U3-10
Removed Pin From Net: NetName=NetU1_1 Pin=U3-11
Removed Pin From Net: NetName=NetU1_2 Pin=U3-12
Removed Pin From Net: NetName=NetU1_3 Pin=U3-13
Removed Pin From Net: NetName=NetC2_2 Pin=U3-14
Removed Pin From Net: NetName=NetR9_2 Pin=U3-15
Removed Pin From Net: NetName=NetR23_2 Pin=U3-27
Removed Pin From Net: NetName=NetR24_2 Pin=U3-28
Removed Pin From Net: NetName=NetR25_2 Pin=U3-29
Removed Pin From Net: NetName=NetC19_2 Pin=U3-30
Added Pin To Net: NetName=NetU1_3 Pin=U3-2
Added Pin To Net: NetName=NetU1_2 Pin=U3-3
Added Pin To Net: NetName=NetU1_1 Pin=U3-6
Added Pin To Net: NetName=NetC20_2 Pin=U3-12
Added Pin To Net: NetName=NetC18_2 Pin=U3-13
Added Pin To Net: NetName=NetC14_2 Pin=U3-14
Added Pin To Net: NetName=NetC8_1 Pin=U3-15
Added Pin To Net: NetName=NetR23_2 Pin=U3-25
Added Pin To Net: NetName=NetR24_2 Pin=U3-26
Added Pin To Net: NetName=NetR25_2 Pin=U3-27
Added Pin To Net: NetName=NetC19_2 Pin=U3-28
Added Pin To Net: NetName=NetC2_2 Pin=U3-29
Added Pin To Net: NetName=NetR9_2 Pin=U3-30
